1647041923.992625 client started (25637): version 3.2a, socket /tmp/tmux-1001/default, protocol 8
1647041923.992685 on Linux 5.16.10-arch1-1 #1 SMP PREEMPT Wed, 16 Feb 2022 19:35:18 +0000
1647041923.992698 using libevent 2.1.12-stable (poll); ncurses 6.2
1647041923.992732 flags are 0x18010000
1647041923.992742 socket is /tmp/tmux-1001/default
1647041923.992761 trying connect
1647041923.992790 connect failed: Connection refused
1647041923.992809 lock file is /tmp/tmux-1001/default.lock
1647041923.992837 flock succeeded
1647041923.992845 got lock (6)
1647041923.992857 trying connect
1647041923.992873 connect failed: Connection refused
1647041923.993274 add peer 0x562e0f9f6a60: 7 ((nil))
1647041923.994164 sending message 100 to peer 0x562e0f9f6a60 (4 bytes)
1647041923.994187 sending message 111 to peer 0x562e0f9f6a60 (8 bytes)
1647041923.994197 sending message 101 to peer 0x562e0f9f6a60 (12 bytes)
1647041923.994205 sending message 109 to peer 0x562e0f9f6a60 (4 bytes)
1647041923.994213 sending message 102 to peer 0x562e0f9f6a60 (11 bytes)
1647041923.994222 sending message 108 to peer 0x562e0f9f6a60 (22 bytes)
1647041923.994230 sending message 112 to peer 0x562e0f9f6a60 (70 bytes)
1647041923.994239 sending message 112 to peer 0x562e0f9f6a60 (5 bytes)
1647041923.994249 sending message 112 to peer 0x562e0f9f6a60 (6 bytes)
1647041923.994257 sending message 112 to peer 0x562e0f9f6a60 (6 bytes)
1647041923.994266 sending message 112 to peer 0x562e0f9f6a60 (10 bytes)
1647041923.994274 sending message 112 to peer 0x562e0f9f6a60 (13 bytes)
1647041923.994283 sending message 112 to peer 0x562e0f9f6a60 (14 bytes)
1647041923.994291 sending message 112 to peer 0x562e0f9f6a60 (19 bytes)
1647041923.994298 sending message 112 to peer 0x562e0f9f6a60 (11 bytes)
1647041923.994307 sending message 112 to peer 0x562e0f9f6a60 (21 bytes)
1647041923.994315 sending message 112 to peer 0x562e0f9f6a60 (13 bytes)
1647041923.994324 sending message 112 to peer 0x562e0f9f6a60 (7 bytes)
1647041923.994332 sending message 112 to peer 0x562e0f9f6a60 (13 bytes)
1647041923.994340 sending message 112 to peer 0x562e0f9f6a60 (7 bytes)
1647041923.994349 sending message 112 to peer 0x562e0f9f6a60 (13 bytes)
1647041923.994359 sending message 112 to peer 0x562e0f9f6a60 (9 bytes)
1647041923.994368 sending message 112 to peer 0x562e0f9f6a60 (21 bytes)
1647041923.994376 sending message 112 to peer 0x562e0f9f6a60 (13 bytes)
1647041923.994385 sending message 112 to peer 0x562e0f9f6a60 (9 bytes)
1647041923.994394 sending message 112 to peer 0x562e0f9f6a60 (16 bytes)
1647041923.994402 sending message 112 to peer 0x562e0f9f6a60 (13 bytes)
1647041923.994410 sending message 112 to peer 0x562e0f9f6a60 (9 bytes)
1647041923.994419 sending message 112 to peer 0x562e0f9f6a60 (9 bytes)
1647041923.994428 sending message 112 to peer 0x562e0f9f6a60 (12 bytes)
1647041923.994436 sending message 112 to peer 0x562e0f9f6a60 (8 bytes)
1647041923.994444 sending message 112 to peer 0x562e0f9f6a60 (13 bytes)
1647041923.994453 sending message 112 to peer 0x562e0f9f6a60 (7 bytes)
1647041923.994461 sending message 112 to peer 0x562e0f9f6a60 (7 bytes)
1647041923.994470 sending message 112 to peer 0x562e0f9f6a60 (9 bytes)
1647041923.994478 sending message 112 to peer 0x562e0f9f6a60 (6 bytes)
1647041923.994486 sending message 112 to peer 0x562e0f9f6a60 (9 bytes)
1647041923.994494 sending message 112 to peer 0x562e0f9f6a60 (15 bytes)
1647041923.994503 sending message 112 to peer 0x562e0f9f6a60 (13 bytes)
1647041923.994538 sending message 112 to peer 0x562e0f9f6a60 (12 bytes)
1647041923.994551 sending message 112 to peer 0x562e0f9f6a60 (8 bytes)
1647041923.994561 sending message 112 to peer 0x562e0f9f6a60 (14 bytes)
1647041923.994570 sending message 112 to peer 0x562e0f9f6a60 (9 bytes)
1647041923.994579 sending message 112 to peer 0x562e0f9f6a60 (10 bytes)
1647041923.994587 sending message 112 to peer 0x562e0f9f6a60 (10 bytes)
1647041923.994595 sending message 112 to peer 0x562e0f9f6a60 (10 bytes)
1647041923.994603 sending message 112 to peer 0x562e0f9f6a60 (10 bytes)
1647041923.994612 sending message 112 to peer 0x562e0f9f6a60 (11 bytes)
1647041923.994638 sending message 112 to peer 0x562e0f9f6a60 (12 bytes)
1647041923.994648 sending message 112 to peer 0x562e0f9f6a60 (12 bytes)
1647041923.994657 sending message 112 to peer 0x562e0f9f6a60 (12 bytes)
1647041923.994666 sending message 112 to peer 0x562e0f9f6a60 (12 bytes)
1647041923.994674 sending message 112 to peer 0x562e0f9f6a60 (12 bytes)
1647041923.994683 sending message 112 to peer 0x562e0f9f6a60 (11 bytes)
1647041923.994691 sending message 112 to peer 0x562e0f9f6a60 (11 bytes)
1647041923.994700 sending message 112 to peer 0x562e0f9f6a60 (12 bytes)
1647041923.994709 sending message 112 to peer 0x562e0f9f6a60 (12 bytes)
1647041923.994718 sending message 112 to peer 0x562e0f9f6a60 (12 bytes)
1647041923.994726 sending message 112 to peer 0x562e0f9f6a60 (12 bytes)
1647041923.994734 sending message 112 to peer 0x562e0f9f6a60 (12 bytes)
1647041923.994743 sending message 112 to peer 0x562e0f9f6a60 (9 bytes)
1647041923.994751 sending message 112 to peer 0x562e0f9f6a60 (12 bytes)
1647041923.994760 sending message 112 to peer 0x562e0f9f6a60 (13 bytes)
1647041923.994768 sending message 112 to peer 0x562e0f9f6a60 (13 bytes)
1647041923.994776 sending message 112 to peer 0x562e0f9f6a60 (13 bytes)
1647041923.994785 sending message 112 to peer 0x562e0f9f6a60 (13 bytes)
1647041923.994793 sending message 112 to peer 0x562e0f9f6a60 (13 bytes)
1647041923.994801 sending message 112 to peer 0x562e0f9f6a60 (8 bytes)
1647041923.994809 sending message 112 to peer 0x562e0f9f6a60 (11 bytes)
1647041923.994817 sending message 112 to peer 0x562e0f9f6a60 (11 bytes)
1647041923.994825 sending message 112 to peer 0x562e0f9f6a60 (11 bytes)
1647041923.994834 sending message 112 to peer 0x562e0f9f6a60 (12 bytes)
1647041923.994842 sending message 112 to peer 0x562e0f9f6a60 (12 bytes)
1647041923.994851 sending message 112 to peer 0x562e0f9f6a60 (12 bytes)
1647041923.994859 sending message 112 to peer 0x562e0f9f6a60 (12 bytes)
1647041923.994868 sending message 112 to peer 0x562e0f9f6a60 (13 bytes)
1647041923.994876 sending message 112 to peer 0x562e0f9f6a60 (13 bytes)
1647041923.994884 sending message 112 to peer 0x562e0f9f6a60 (13 bytes)
1647041923.994892 sending message 112 to peer 0x562e0f9f6a60 (8 bytes)
1647041923.994901 sending message 112 to peer 0x562e0f9f6a60 (13 bytes)
1647041923.994910 sending message 112 to peer 0x562e0f9f6a60 (13 bytes)
1647041923.994918 sending message 112 to peer 0x562e0f9f6a60 (13 bytes)
1647041923.994927 sending message 112 to peer 0x562e0f9f6a60 (13 bytes)
1647041923.994935 sending message 112 to peer 0x562e0f9f6a60 (13 bytes)
1647041923.994943 sending message 112 to peer 0x562e0f9f6a60 (12 bytes)
1647041923.994951 sending message 112 to peer 0x562e0f9f6a60 (12 bytes)
1647041923.994959 sending message 112 to peer 0x562e0f9f6a60 (12 bytes)
1647041923.994968 sending message 112 to peer 0x562e0f9f6a60 (12 bytes)
1647041923.994977 sending message 112 to peer 0x562e0f9f6a60 (13 bytes)
1647041923.994985 sending message 112 to peer 0x562e0f9f6a60 (8 bytes)
1647041923.994994 sending message 112 to peer 0x562e0f9f6a60 (13 bytes)
1647041923.995002 sending message 112 to peer 0x562e0f9f6a60 (13 bytes)
1647041923.995010 sending message 112 to peer 0x562e0f9f6a60 (13 bytes)
1647041923.995019 sending message 112 to peer 0x562e0f9f6a60 (13 bytes)
1647041923.995027 sending message 112 to peer 0x562e0f9f6a60 (13 bytes)
1647041923.995036 sending message 112 to peer 0x562e0f9f6a60 (13 bytes)
1647041923.995044 sending message 112 to peer 0x562e0f9f6a60 (13 bytes)
1647041923.995053 sending message 112 to peer 0x562e0f9f6a60 (12 bytes)
1647041923.995063 sending message 112 to peer 0x562e0f9f6a60 (12 bytes)
1647041923.995071 sending message 112 to peer 0x562e0f9f6a60 (12 bytes)
1647041923.995080 sending message 112 to peer 0x562e0f9f6a60 (8 bytes)
1647041923.995088 sending message 112 to peer 0x562e0f9f6a60 (12 bytes)
1647041923.995097 sending message 112 to peer 0x562e0f9f6a60 (13 bytes)
1647041923.995106 sending message 112 to peer 0x562e0f9f6a60 (13 bytes)
1647041923.995114 sending message 112 to peer 0x562e0f9f6a60 (13 bytes)
1647041923.995132 sending message 112 to peer 0x562e0f9f6a60 (13 bytes)
1647041923.995140 sending message 112 to peer 0x562e0f9f6a60 (13 bytes)
1647041923.995148 sending message 112 to peer 0x562e0f9f6a60 (13 bytes)
1647041923.995156 sending message 112 to peer 0x562e0f9f6a60 (13 bytes)
1647041923.995164 sending message 112 to peer 0x562e0f9f6a60 (13 bytes)
1647041923.995172 sending message 112 to peer 0x562e0f9f6a60 (12 bytes)
1647041923.995181 sending message 112 to peer 0x562e0f9f6a60 (10 bytes)
1647041923.995190 sending message 112 to peer 0x562e0f9f6a60 (12 bytes)
1647041923.995198 sending message 112 to peer 0x562e0f9f6a60 (12 bytes)
1647041923.995206 sending message 112 to peer 0x562e0f9f6a60 (12 bytes)
1647041923.995214 sending message 112 to peer 0x562e0f9f6a60 (13 bytes)
1647041923.995222 sending message 112 to peer 0x562e0f9f6a60 (13 bytes)
1647041923.995230 sending message 112 to peer 0x562e0f9f6a60 (13 bytes)
1647041923.995238 sending message 112 to peer 0x562e0f9f6a60 (13 bytes)
1647041923.995247 sending message 112 to peer 0x562e0f9f6a60 (13 bytes)
1647041923.995255 sending message 112 to peer 0x562e0f9f6a60 (13 bytes)
1647041923.995264 sending message 112 to peer 0x562e0f9f6a60 (13 bytes)
1647041923.995272 sending message 112 to peer 0x562e0f9f6a60 (10 bytes)
1647041923.995280 sending message 112 to peer 0x562e0f9f6a60 (13 bytes)
1647041923.995288 sending message 112 to peer 0x562e0f9f6a60 (12 bytes)
1647041923.995296 sending message 112 to peer 0x562e0f9f6a60 (12 bytes)
1647041923.995304 sending message 112 to peer 0x562e0f9f6a60 (12 bytes)
1647041923.995313 sending message 112 to peer 0x562e0f9f6a60 (10 bytes)
1647041923.995538 sending message 112 to peer 0x562e0f9f6a60 (10 bytes)
1647041923.995549 sending message 112 to peer 0x562e0f9f6a60 (10 bytes)
1647041923.995558 sending message 112 to peer 0x562e0f9f6a60 (12 bytes)
1647041923.995566 sending message 112 to peer 0x562e0f9f6a60 (13 bytes)
1647041923.995574 sending message 112 to peer 0x562e0f9f6a60 (13 bytes)
1647041923.995581 sending message 112 to peer 0x562e0f9f6a60 (13 bytes)
1647041923.995590 sending message 112 to peer 0x562e0f9f6a60 (13 bytes)
1647041923.995598 sending message 112 to peer 0x562e0f9f6a60 (13 bytes)
1647041923.995606 sending message 112 to peer 0x562e0f9f6a60 (10 bytes)
1647041923.995615 sending message 112 to peer 0x562e0f9f6a60 (11 bytes)
1647041923.995624 sending message 112 to peer 0x562e0f9f6a60 (12 bytes)
1647041923.995633 sending message 112 to peer 0x562e0f9f6a60 (12 bytes)
1647041923.995641 sending message 112 to peer 0x562e0f9f6a60 (12 bytes)
1647041923.995649 sending message 112 to peer 0x562e0f9f6a60 (12 bytes)
1647041923.995658 sending message 112 to peer 0x562e0f9f6a60 (12 bytes)
1647041923.995667 sending message 112 to peer 0x562e0f9f6a60 (11 bytes)
1647041923.995676 sending message 112 to peer 0x562e0f9f6a60 (12 bytes)
1647041923.996090 sending message 112 to peer 0x562e0f9f6a60 (12 bytes)
1647041923.996105 sending message 112 to peer 0x562e0f9f6a60 (13 bytes)
1647041923.996222 sending message 112 to peer 0x562e0f9f6a60 (13 bytes)
1647041923.996231 sending message 112 to peer 0x562e0f9f6a60 (13 bytes)
1647041923.996240 sending message 112 to peer 0x562e0f9f6a60 (13 bytes)
1647041923.996248 sending message 112 to peer 0x562e0f9f6a60 (13 bytes)
1647041923.996257 sending message 112 to peer 0x562e0f9f6a60 (10 bytes)
1647041923.996265 sending message 112 to peer 0x562e0f9f6a60 (9 bytes)
1647041923.996274 sending message 112 to peer 0x562e0f9f6a60 (12 bytes)
1647041923.996282 sending message 112 to peer 0x562e0f9f6a60 (13 bytes)
1647041923.996292 sending message 112 to peer 0x562e0f9f6a60 (13 bytes)
1647041923.996302 sending message 112 to peer 0x562e0f9f6a60 (13 bytes)
1647041923.996310 sending message 112 to peer 0x562e0f9f6a60 (13 bytes)
1647041923.996319 sending message 112 to peer 0x562e0f9f6a60 (13 bytes)
1647041923.996327 sending message 112 to peer 0x562e0f9f6a60 (9 bytes)
1647041923.996334 sending message 112 to peer 0x562e0f9f6a60 (12 bytes)
1647041923.996342 sending message 112 to peer 0x562e0f9f6a60 (13 bytes)
1647041923.996365 sending message 112 to peer 0x562e0f9f6a60 (13 bytes)
1647041923.996374 sending message 112 to peer 0x562e0f9f6a60 (13 bytes)
1647041923.996382 sending message 112 to peer 0x562e0f9f6a60 (13 bytes)
1647041923.996391 sending message 112 to peer 0x562e0f9f6a60 (13 bytes)
1647041923.996399 sending message 112 to peer 0x562e0f9f6a60 (11 bytes)
1647041923.996407 sending message 112 to peer 0x562e0f9f6a60 (12 bytes)
1647041923.996415 sending message 112 to peer 0x562e0f9f6a60 (13 bytes)
1647041923.996423 sending message 112 to peer 0x562e0f9f6a60 (13 bytes)
1647041923.996431 sending message 112 to peer 0x562e0f9f6a60 (13 bytes)
1647041923.996440 sending message 112 to peer 0x562e0f9f6a60 (13 bytes)
1647041923.996448 sending message 112 to peer 0x562e0f9f6a60 (13 bytes)
1647041923.996456 sending message 112 to peer 0x562e0f9f6a60 (11 bytes)
1647041923.996471 sending message 112 to peer 0x562e0f9f6a60 (12 bytes)
1647041923.996480 sending message 112 to peer 0x562e0f9f6a60 (12 bytes)
1647041923.996488 sending message 112 to peer 0x562e0f9f6a60 (12 bytes)
1647041923.996496 sending message 112 to peer 0x562e0f9f6a60 (12 bytes)
1647041923.996505 sending message 112 to peer 0x562e0f9f6a60 (12 bytes)
1647041923.996513 sending message 112 to peer 0x562e0f9f6a60 (12 bytes)
1647041923.996521 sending message 112 to peer 0x562e0f9f6a60 (9 bytes)
1647041923.996530 sending message 112 to peer 0x562e0f9f6a60 (6 bytes)
1647041923.996538 sending message 112 to peer 0x562e0f9f6a60 (13 bytes)
1647041923.996546 sending message 112 to peer 0x562e0f9f6a60 (10 bytes)
1647041923.996553 sending message 112 to peer 0x562e0f9f6a60 (15 bytes)
1647041923.996561 sending message 112 to peer 0x562e0f9f6a60 (11 bytes)
1647041923.996569 sending message 112 to peer 0x562e0f9f6a60 (70 bytes)
1647041923.996577 sending message 112 to peer 0x562e0f9f6a60 (69 bytes)
1647041923.996586 sending message 112 to peer 0x562e0f9f6a60 (34 bytes)
1647041923.996595 sending message 112 to peer 0x562e0f9f6a60 (34 bytes)
1647041923.996607 sending message 112 to peer 0x562e0f9f6a60 (12 bytes)
1647041923.996616 sending message 112 to peer 0x562e0f9f6a60 (10 bytes)
1647041923.996623 sending message 112 to peer 0x562e0f9f6a60 (10 bytes)
1647041923.996632 sending message 112 to peer 0x562e0f9f6a60 (15 bytes)
1647041923.996640 sending message 112 to peer 0x562e0f9f6a60 (11 bytes)
1647041923.996648 sending message 112 to peer 0x562e0f9f6a60 (10 bytes)
1647041923.996657 sending message 112 to peer 0x562e0f9f6a60 (10 bytes)
1647041923.996665 sending message 112 to peer 0x562e0f9f6a60 (17 bytes)
1647041923.996673 sending message 112 to peer 0x562e0f9f6a60 (10 bytes)
1647041923.996681 sending message 112 to peer 0x562e0f9f6a60 (17 bytes)
1647041923.996689 sending message 112 to peer 0x562e0f9f6a60 (5 bytes)
1647041923.996698 sending message 112 to peer 0x562e0f9f6a60 (9 bytes)
1647041923.996706 sending message 112 to peer 0x562e0f9f6a60 (15 bytes)
1647041923.996716 sending message 104 to peer 0x562e0f9f6a60 (0 bytes)
1647041923.996725 sending message 110 to peer 0x562e0f9f6a60 (0 bytes)
1647041923.996734 sending message 107 to peer 0x562e0f9f6a60 (4 bytes)
1647041923.996747 sending message 105 to peer 0x562e0f9f6a60 (26 bytes)
1647041923.996756 sending message 105 to peer 0x562e0f9f6a60 (46 bytes)
1647041923.996765 sending message 105 to peer 0x562e0f9f6a60 (38 bytes)
1647041923.996773 sending message 105 to peer 0x562e0f9f6a60 (54 bytes)
1647041923.996781 sending message 105 to peer 0x562e0f9f6a60 (11 bytes)
1647041923.996789 sending message 105 to peer 0x562e0f9f6a60 (34 bytes)
1647041923.996797 sending message 105 to peer 0x562e0f9f6a60 (18 bytes)
1647041923.996805 sending message 105 to peer 0x562e0f9f6a60 (16 bytes)
1647041923.996814 sending message 105 to peer 0x562e0f9f6a60 (21 bytes)
1647041923.996822 sending message 105 to peer 0x562e0f9f6a60 (15 bytes)
1647041923.996830 sending message 105 to peer 0x562e0f9f6a60 (16 bytes)
1647041923.996838 sending message 105 to peer 0x562e0f9f6a60 (26 bytes)
1647041923.996846 sending message 105 to peer 0x562e0f9f6a60 (23 bytes)
1647041923.996862 sending message 105 to peer 0x562e0f9f6a60 (11 bytes)
1647041923.996870 sending message 105 to peer 0x562e0f9f6a60 (20 bytes)
1647041923.996879 sending message 105 to peer 0x562e0f9f6a60 (168 bytes)
1647041923.996892 sending message 105 to peer 0x562e0f9f6a60 (10 bytes)
1647041923.996901 sending message 105 to peer 0x562e0f9f6a60 (21 bytes)
1647041923.996909 sending message 105 to peer 0x562e0f9f6a60 (13 bytes)
1647041923.996917 sending message 105 to peer 0x562e0f9f6a60 (8 bytes)
1647041923.996924 sending message 105 to peer 0x562e0f9f6a60 (17 bytes)
1647041923.996932 sending message 105 to peer 0x562e0f9f6a60 (15 bytes)
1647041923.996941 sending message 105 to peer 0x562e0f9f6a60 (38 bytes)
1647041923.996950 sending message 105 to peer 0x562e0f9f6a60 (17 bytes)
1647041923.996959 sending message 105 to peer 0x562e0f9f6a60 (33 bytes)
1647041923.996968 sending message 105 to peer 0x562e0f9f6a60 (1519 bytes)
1647041923.997021 sending message 105 to peer 0x562e0f9f6a60 (20 bytes)
1647041923.997031 sending message 105 to peer 0x562e0f9f6a60 (47 bytes)
1647041923.997040 sending message 105 to peer 0x562e0f9f6a60 (31 bytes)
1647041923.997048 sending message 105 to peer 0x562e0f9f6a60 (18 bytes)
1647041923.997057 sending message 105 to peer 0x562e0f9f6a60 (17 bytes)
1647041923.997066 sending message 105 to peer 0x562e0f9f6a60 (15 bytes)
1647041923.997075 sending message 105 to peer 0x562e0f9f6a60 (13 bytes)
1647041923.997083 sending message 105 to peer 0x562e0f9f6a60 (32 bytes)
1647041923.997091 sending message 106 to peer 0x562e0f9f6a60 (0 bytes)
1647041923.997110 sending message 200 to peer 0x562e0f9f6a60 (4 bytes)
1647041923.997119 client loop enter
1647041923.997230 client_signal: Child exited
1647041924.061105 peer 0x562e0f9f6a60 message 207
1647041924.061113 sending message 208 to peer 0x562e0f9f6a60 (0 bytes)
1647041932.381237 peer 0x562e0f9f6a60 message 203
1647041932.381332 sending message 205 to peer 0x562e0f9f6a60 (0 bytes)
1647041932.382052 peer 0x562e0f9f6a60 message 204
1647041932.382083 client loop exit
